<?xml version="1.0" encoding="UTF-8"?>
<testsuite xmlns:xsi="http://www.w3.org/2001/XMLSchema-instance" xsi:noNamespaceSchemaLocation="https://maven.apache.org/surefire/maven-surefire-plugin/xsd/surefire-test-report-3.0.xsd" version="3.0" name="com.fitness.iut.FitnessIutApplicationTests" time="0.703" tests="1" errors="0" skipped="0" failures="0">
  <properties>
[...]
</properties>
  <testcase name="contextLoads" classname="com.fitness.iut.FitnessIutApplicationTests" time="0.007">
    <system-out><![CDATA[2026-02-20T10:46:25.166+01:00  INFO 2052 --- [           main] t.c.s.AnnotationConfigContextLoaderUtils : Could not detect default configuration classes for test class [com.fitness.iut.FitnessIutApplicationTests]: FitnessIutApplicationTests does not declare any static, non-private, non-final, nested classes annotated with @Configuration.
2026-02-20T10:46:25.176+01:00  INFO 2052 --- [           main] .b.t.c.SpringBootTestContextBootstrapper : Found @SpringBootConfiguration com.fitness.iut.FitnessIutApplication for test class com.fitness.iut.FitnessIutApplicationTests

  .   ____          _            __ _ _
 /\\ / ___'_ __ _ _(_)_ __  __ _ \ \ \ \
( ( )\___ | '_ | '_| | '_ \/ _` | \ \ \ \
 \\/  ___)| |_)| | | | | || (_| |  ) ) ) )
  '  |____| .__|_| |_|_| |_\__, | / / / /
 =========|_|==============|___/=/_/_/_/
 :: Spring Boot ::                (v3.2.2)

2026-02-20T10:46:25.257+01:00  INFO 2052 --- [           main] c.f.iut.FitnessIutApplicationTests       : Starting FitnessIutApplicationTests using Java 21.0.8 with PID 2052 (started by Etudiant in C:\Users\Etudiant\Downloads\X\Projet-Fitness-IUT)
2026-02-20T10:46:25.257+01:00  INFO 2052 --- [           main] c.f.iut.FitnessIutApplicationTests       : No active profile set, falling back to 1 default profile: "default"
2026-02-20T10:46:25.420+01:00  INFO 2052 --- [           main] .s.d.r.c.RepositoryConfigurationDelegate : Bootstrapping Spring Data JPA repositories in DEFAULT mode.
2026-02-20T10:46:25.429+01:00  INFO 2052 --- [           main] .s.d.r.c.RepositoryConfigurationDelegate : Finished Spring Data repository scanning in 8 ms. Found 2 JPA repository interfaces.
2026-02-20T10:46:25.515+01:00  INFO 2052 --- [           main] o.hibernate.jpa.internal.util.LogHelper  : HHH000204: Processing PersistenceUnitInfo [name: default]
2026-02-20T10:46:25.515+01:00  INFO 2052 --- [           main] o.h.c.internal.RegionFactoryInitiator    : HHH000026: Second-level cache disabled
2026-02-20T10:46:25.526+01:00  INFO 2052 --- [           main] o.s.o.j.p.SpringPersistenceUnitInfo      : No LoadTimeWeaver setup: ignoring JPA class transformer
2026-02-20T10:46:25.526+01:00  INFO 2052 --- [           main] com.zaxxer.hikari.HikariDataSource       : HikariPool-2 - Starting...
2026-02-20T10:46:25.528+01:00  INFO 2052 --- [           main] com.zaxxer.hikari.pool.HikariPool        : HikariPool-2 - Added connection conn10: url=jdbc:h2:mem:testdb user=SA
2026-02-20T10:46:25.529+01:00  INFO 2052 --- [           main] com.zaxxer.hikari.HikariDataSource       : HikariPool-2 - Start completed.
2026-02-20T10:46:25.578+01:00  INFO 2052 --- [           main] o.h.e.t.j.p.i.JtaPlatformInitiator       : HHH000489: No JTA platform available (set 'hibernate.transaction.jta.platform' to enable JTA platform integration)
2026-02-20T10:46:25.590+01:00  INFO 2052 --- [           main] j.LocalContainerEntityManagerFactoryBean : Initialized JPA EntityManagerFactory for persistence unit 'default'
2026-02-20T10:46:25.745+01:00  WARN 2052 --- [           main] JpaBaseConfiguration$JpaWebConfiguration : spring.jpa.open-in-view is enabled by default. Therefore, database queries may be performed during view rendering. Explicitly configure spring.jpa.open-in-view to disable this warning
2026-02-20T10:46:25.860+01:00  INFO 2052 --- [           main] c.f.iut.FitnessIutApplicationTests       : Started FitnessIutApplicationTests in 0.681 seconds (process running for 9.044)
]]></system-out>
  </testcase>
</testsuite>